[INFO] Scanning for projects...
[WARNING] 
[WARNING] Some problems were encountered while building the effective model for com.bookkeeping:broker-bookkeeping:jar:1.0-SNAPSHOT
[WARNING] 'dependencies.dependency.(groupId:artifactId:type:classifier)' must be unique: com.sparkjava:spark-core:jar -> duplicate declaration of version 1.1.1 @ line 142, column 21
[WARNING] 'build.plugins.plugin.version' for org.apache.maven.plugins:maven-compiler-plugin is missing. @ line 18, column 21
[WARNING] 
[WARNING] It is highly recommended to fix these problems because they threaten the stability of your build.
[WARNING] 
[WARNING] For this reason, future Maven versions might no longer support building such malformed projects.
[WARNING] 
[INFO]                                                                         
[INFO] ------------------------------------------------------------------------
[INFO] Building broker-bookkeeping 1.0-SNAPSHOT
[INFO] ------------------------------------------------------------------------
[WARNING] The artifact org.apache.commons:commons-io:jar:1.3.2 has been relocated to commons-io:commons-io:jar:1.3.2
[INFO] 
[INFO] --- maven-resources-plugin:2.5:resources (default-resources) @ broker-bookkeeping ---
[debug] execute contextualize
[WARNING] Using platform encoding (UTF-8 actually) to copy filtered resources, i.e. build is platform dependent!
[INFO] Copying 224 resources
[INFO] 
[INFO] --- maven-compiler-plugin:2.3.2:compile (default-compile) @ broker-bookkeeping ---
[INFO] Nothing to compile - all classes are up to date
[INFO] 
[INFO] --- maven-resources-plugin:2.5:testResources (default-testResources) @ broker-bookkeeping ---
[debug] execute contextualize
[WARNING] Using platform encoding (UTF-8 actually) to copy filtered resources, i.e. build is platform dependent!
[INFO] skip non existing resourceDirectory /Users/chandanm/Desktop/Project/LatestCode/BrokerBookeeping/src/test/resources
[INFO] 
[INFO] --- maven-compiler-plugin:2.3.2:testCompile (default-testCompile) @ broker-bookkeeping ---
[INFO] Nothing to compile - all classes are up to date
[INFO] 
[INFO] --- maven-surefire-plugin:2.10:test (default-test) @ broker-bookkeeping ---
[INFO] No tests to run.
[INFO] Surefire report directory: /Users/chandanm/Desktop/Project/LatestCode/BrokerBookeeping/target/surefire-reports
Downloading: http://repo.maven.apache.org/maven2/org/apache/maven/surefire/surefire-junit3/2.10/surefire-junit3-2.10.pom
[INFO] ------------------------------------------------------------------------
[INFO] BUILD FAILURE
[INFO] ------------------------------------------------------------------------
[INFO] Total time: 1.678s
[INFO] Finished at: Fri Jul 22 01:34:01 PDT 2016
[INFO] Final Memory: 12M/309M
[INFO] ------------------------------------------------------------------------
[ERROR] Failed to execute goal org.apache.maven.plugins:maven-surefire-plugin:2.10:test (default-test) on project broker-bookkeeping: Unable to generate classpath: org.apache.maven.artifact.resolver.ArtifactResolutionException: Unable to get dependency information for org.apache.maven.surefire:surefire-junit3:jar:2.10: Failed to retrieve POM for org.apache.maven.surefire:surefire-junit3:jar:2.10: Could not transfer artifact org.apache.maven.surefire:surefire-junit3:pom:2.10 from/to central (http://repo.maven.apache.org/maven2): repo.maven.apache.org: unknown error
[ERROR] org.apache.maven.surefire:surefire-junit3:jar:2.10
[ERROR] 
[ERROR] from the specified remote repositories:
[ERROR] central (http://repo.maven.apache.org/maven2, releases=true, snapshots=false)
[ERROR] Path to dependency:
[ERROR] 1) dummy:dummy:jar:1.0: Unknown host repo.maven.apache.org: unknown error
[ERROR] -> [Help 1]
[ERROR] 
[ERROR] To see the full stack trace of the errors, re-run Maven with the -e switch.
[ERROR] Re-run Maven using the -X switch to enable full debug logging.
[ERROR] 
[ERROR] For more information about the errors and possible solutions, please read the following articles:
[ERROR] [Help 1] http://cwiki.apache.org/confluence/display/MAVEN/MojoExecutionException
